<?xml version="1.0" encoding="UTF-8"?>
<!-- Generated by org.testng.reporters.JUnitXMLReporter -->
<testsuite ignored="0" hostname="MSI" failures="1" tests="27" name="Firefox" time="3.337" errors="0" timestamp="2022-10-08T18:35:25 IST">
  <testcase classname="com.config.Config" name="@BeforeMethod setUp" time="2.0">
    <failure type="java.lang.NoClassDefFoundError" message="com/google/gson/GsonBuilder">
      <![CDATA[java.lang.NoClassDefFoundError: com/google/gson/GsonBuilder
at io.github.bonigarcia.wdm.WebDriverManager.getDriversFromGitHub(WebDriverManager.java:1574)
at io.github.bonigarcia.wdm.managers.FirefoxDriverManager.getDriverUrls(FirefoxDriverManager.java:102)
at io.github.bonigarcia.wdm.WebDriverManager.createUrlHandler(WebDriverManager.java:1402)
at io.github.bonigarcia.wdm.WebDriverManager.download(WebDriverManager.java:1240)
at io.github.bonigarcia.wdm.WebDriverManager.manage(WebDriverManager.java:1158)
at io.github.bonigarcia.wdm.WebDriverManager.setup(WebDriverManager.java:406)
at com.config.Config.setUp(Config.java:27)
at java.base/java.util.ArrayList.forEach(ArrayList.java:1511)
at java.base/java.util.concurrent.FutureTask.run(FutureTask.java:264)
at java.base/java.util.concurrent.ThreadPoolExecutor.runWorker(ThreadPoolExecutor.java:1136)
at java.base/java.util.concurrent.ThreadPoolExecutor$Worker.run(ThreadPoolExecutor.java:635)
at java.base/java.lang.Thread.run(Thread.java:833)
Caused by: java.lang.ClassNotFoundException: com.google.gson.GsonBuilder
at java.base/jdk.internal.loader.BuiltinClassLoader.loadClass(BuiltinClassLoader.java:641)
at java.base/jdk.internal.loader.ClassLoaders$AppClassLoader.loadClass(ClassLoaders.java:188)
at java.base/java.lang.ClassLoader.loadClass(ClassLoader.java:521)
... 32 more
... Removed 20 stack frames]]>
    </failure>
  </testcase> <!-- @BeforeMethod setUp -->
  <testcase classname="com.config.Config" name="@BeforeMethod setUp" time="-1.665234323739E9">
    <skipped/>
  </testcase> <!-- @BeforeMethod setUp -->
  <testcase classname="com.config.Config" name="@BeforeMethod setUp" time="-1.665234323744E9">
    <skipped/>
  </testcase> <!-- @BeforeMethod setUp -->
  <testcase classname="com.config.Config" name="@BeforeMethod setUp" time="-1.665234323747E9">
    <skipped/>
  </testcase> <!-- @BeforeMethod setUp -->
  <testcase classname="com.config.Config" name="@BeforeMethod setUp" time="-1.665234323749E9">
    <skipped/>
  </testcase> <!-- @BeforeMethod setUp -->
  <testcase classname="com.config.Config" name="@BeforeMethod setUp" time="-1.665234323752E9">
    <skipped/>
  </testcase> <!-- @BeforeMethod setUp -->
  <testcase classname="com.config.Config" name="@BeforeMethod setUp" time="-1.665234323757E9">
    <skipped/>
  </testcase> <!-- @BeforeMethod setUp -->
  <testcase classname="com.config.Config" name="@BeforeMethod setUp" time="0.439">
    <failure type="java.lang.NoClassDefFoundError" message="com/google/gson/GsonBuilder">
      <![CDATA[java.lang.NoClassDefFoundError: com/google/gson/GsonBuilder
at io.github.bonigarcia.wdm.WebDriverManager.getDriversFromGitHub(WebDriverManager.java:1574)
at io.github.bonigarcia.wdm.managers.FirefoxDriverManager.getDriverUrls(FirefoxDriverManager.java:102)
at io.github.bonigarcia.wdm.WebDriverManager.createUrlHandler(WebDriverManager.java:1402)
at io.github.bonigarcia.wdm.WebDriverManager.download(WebDriverManager.java:1240)
at io.github.bonigarcia.wdm.WebDriverManager.manage(WebDriverManager.java:1158)
at io.github.bonigarcia.wdm.WebDriverManager.setup(WebDriverManager.java:406)
at com.config.Config.setUp(Config.java:27)
at java.base/java.util.ArrayList.forEach(ArrayList.java:1511)
at java.base/java.util.concurrent.FutureTask.run(FutureTask.java:264)
at java.base/java.util.concurrent.ThreadPoolExecutor.runWorker(ThreadPoolExecutor.java:1136)
at java.base/java.util.concurrent.ThreadPoolExecutor$Worker.run(ThreadPoolExecutor.java:635)
at java.base/java.lang.Thread.run(Thread.java:833)
Caused by: java.lang.ClassNotFoundException: com.google.gson.GsonBuilder
... 32 more
... Removed 20 stack frames]]>
    </failure>
  </testcase> <!-- @BeforeMethod setUp -->
  <testcase classname="com.config.Config" name="@BeforeMethod setUp" time="-1.66523432421E9">
    <skipped/>
  </testcase> <!-- @BeforeMethod setUp -->
  <testcase classname="com.config.Config" name="@BeforeMethod setUp" time="-1.665234324212E9">
    <skipped/>
  </testcase> <!-- @BeforeMethod setUp -->
  <testcase classname="com.config.Config" name="@BeforeMethod setUp" time="-1.665234324216E9">
    <skipped/>
  </testcase> <!-- @BeforeMethod setUp -->
  <testcase classname="com.config.Config" name="@BeforeMethod setUp" time="-1.665234324221E9">
    <skipped/>
  </testcase> <!-- @BeforeMethod setUp -->
  <testcase classname="com.config.Config" name="@BeforeMethod setUp" time="-1.665234324234E9">
    <skipped/>
  </testcase> <!-- @BeforeMethod setUp -->
  <testcase classname="com.config.Config" name="@BeforeMethod setUp" time="-1.665234324236E9">
    <skipped/>
  </testcase> <!-- @BeforeMethod setUp -->
  <testcase classname="com.config.Config" name="@BeforeMethod setUp" time="0.434">
    <failure type="java.lang.NoClassDefFoundError" message="com/google/gson/GsonBuilder">
      <![CDATA[java.lang.NoClassDefFoundError: com/google/gson/GsonBuilder
at io.github.bonigarcia.wdm.WebDriverManager.getDriversFromGitHub(WebDriverManager.java:1574)
at io.github.bonigarcia.wdm.managers.FirefoxDriverManager.getDriverUrls(FirefoxDriverManager.java:102)
at io.github.bonigarcia.wdm.WebDriverManager.createUrlHandler(WebDriverManager.java:1402)
at io.github.bonigarcia.wdm.WebDriverManager.download(WebDriverManager.java:1240)
at io.github.bonigarcia.wdm.WebDriverManager.manage(WebDriverManager.java:1158)
at io.github.bonigarcia.wdm.WebDriverManager.setup(WebDriverManager.java:406)
at com.config.Config.setUp(Config.java:27)
at java.base/java.util.ArrayList.forEach(ArrayList.java:1511)
at java.base/java.util.concurrent.FutureTask.run(FutureTask.java:264)
at java.base/java.util.concurrent.ThreadPoolExecutor.runWorker(ThreadPoolExecutor.java:1136)
at java.base/java.util.concurrent.ThreadPoolExecutor$Worker.run(ThreadPoolExecutor.java:635)
at java.base/java.lang.Thread.run(Thread.java:833)
Caused by: java.lang.ClassNotFoundException: com.google.gson.GsonBuilder
... 32 more
... Removed 20 stack frames]]>
    </failure>
  </testcase> <!-- @BeforeMethod setUp -->
  <testcase classname="com.config.Config" name="@BeforeMethod setUp" time="-1.66523432468E9">
    <skipped/>
  </testcase> <!-- @BeforeMethod setUp -->
  <testcase classname="com.config.Config" name="@BeforeMethod setUp" time="-1.665234324681E9">
    <skipped/>
  </testcase> <!-- @BeforeMethod setUp -->
  <testcase classname="com.config.Config" name="@BeforeMethod setUp" time="-1.665234324683E9">
    <skipped/>
  </testcase> <!-- @BeforeMethod setUp -->
  <testcase classname="com.config.Config" name="@BeforeMethod setUp" time="-1.665234324684E9">
    <skipped/>
  </testcase> <!-- @BeforeMethod setUp -->
  <testcase classname="com.config.Config" name="@BeforeMethod setUp" time="-1.665234324687E9">
    <skipped/>
  </testcase> <!-- @BeforeMethod setUp -->
  <testcase classname="com.config.Config" name="@BeforeMethod setUp" time="-1.665234324688E9">
    <skipped/>
  </testcase> <!-- @BeforeMethod setUp -->
  <testcase classname="com.config.Config" name="@BeforeMethod setUp" time="0.322">
    <failure type="java.lang.NoClassDefFoundError" message="com/google/gson/GsonBuilder">
      <![CDATA[java.lang.NoClassDefFoundError: com/google/gson/GsonBuilder
at io.github.bonigarcia.wdm.WebDriverManager.getDriversFromGitHub(WebDriverManager.java:1574)
at io.github.bonigarcia.wdm.managers.FirefoxDriverManager.getDriverUrls(FirefoxDriverManager.java:102)
at io.github.bonigarcia.wdm.WebDriverManager.createUrlHandler(WebDriverManager.java:1402)
at io.github.bonigarcia.wdm.WebDriverManager.download(WebDriverManager.java:1240)
at io.github.bonigarcia.wdm.WebDriverManager.manage(WebDriverManager.java:1158)
at io.github.bonigarcia.wdm.WebDriverManager.setup(WebDriverManager.java:406)
at com.config.Config.setUp(Config.java:27)
at java.base/java.util.ArrayList.forEach(ArrayList.java:1511)
at java.base/java.util.concurrent.FutureTask.run(FutureTask.java:264)
at java.base/java.util.concurrent.ThreadPoolExecutor.runWorker(ThreadPoolExecutor.java:1136)
at java.base/java.util.concurrent.ThreadPoolExecutor$Worker.run(ThreadPoolExecutor.java:635)
at java.base/java.lang.Thread.run(Thread.java:833)
Caused by: java.lang.ClassNotFoundException: com.google.gson.GsonBuilder
... 32 more
... Removed 20 stack frames]]>
    </failure>
  </testcase> <!-- @BeforeMethod setUp -->
  <testcase classname="com.config.Config" name="@BeforeMethod setUp" time="-1.665234325019E9">
    <skipped/>
  </testcase> <!-- @BeforeMethod setUp -->
  <testcase classname="com.config.Config" name="@BeforeMethod setUp" time="-1.66523432502E9">
    <skipped/>
  </testcase> <!-- @BeforeMethod setUp -->
  <testcase classname="com.config.Config" name="@BeforeMethod setUp" time="-1.665234325025E9">
    <skipped/>
  </testcase> <!-- @BeforeMethod setUp -->
  <testcase classname="com.config.Config" name="@BeforeMethod setUp" time="-1.665234325032E9">
    <skipped/>
  </testcase> <!-- @BeforeMethod setUp -->
  <testcase classname="com.TestNGdemo.a.A" name="m1" time="0.0">
    <skipped/>
  </testcase> <!-- m1 -->
  <testcase classname="com.TestNGdemo.a.A" name="m2" time="0.0">
    <skipped/>
  </testcase> <!-- m2 -->
  <testcase classname="com.TestNGdemo.a.A" name="m3" time="0.0">
    <skipped/>
  </testcase> <!-- m3 -->
  <testcase classname="com.TestNGdemo.a.A" name="m4" time="0.0">
    <skipped/>
  </testcase> <!-- m4 -->
  <testcase classname="com.TestNGdemo.a.A" name="m5" time="0.0">
    <skipped/>
  </testcase> <!-- m5 -->
  <testcase classname="com.TestNGdemo.a.A" name="m6" time="0.0">
    <skipped/>
  </testcase> <!-- m6 -->
  <testcase classname="com.TestNGdemo.a.A" name="m7" time="0.0">
    <skipped/>
  </testcase> <!-- m7 -->
  <testcase classname="com.TestNGdemo.b.B" name="m1" time="0.0">
    <skipped/>
  </testcase> <!-- m1 -->
  <testcase classname="com.TestNGdemo.b.B" name="m2" time="0.0">
    <skipped/>
  </testcase> <!-- m2 -->
  <testcase classname="com.TestNGdemo.b.B" name="m3" time="0.0">
    <skipped/>
  </testcase> <!-- m3 -->
  <testcase classname="com.TestNGdemo.b.B" name="m4" time="0.0">
    <skipped/>
  </testcase> <!-- m4 -->
  <testcase classname="com.TestNGdemo.b.B" name="m5" time="0.0">
    <skipped/>
  </testcase> <!-- m5 -->
  <testcase classname="com.TestNGdemo.b.B" name="m6" time="0.0">
    <skipped/>
  </testcase> <!-- m6 -->
  <testcase classname="com.TestNGdemo.b.B" name="m7" time="0.0">
    <skipped/>
  </testcase> <!-- m7 -->
  <testcase classname="com.TestNGdemo.c.C" name="m1" time="0.0">
    <skipped/>
  </testcase> <!-- m1 -->
  <testcase classname="com.TestNGdemo.c.C" name="m2" time="0.0">
    <skipped/>
  </testcase> <!-- m2 -->
  <testcase classname="com.TestNGdemo.c.C" name="m3" time="0.0">
    <skipped/>
  </testcase> <!-- m3 -->
  <testcase classname="com.TestNGdemo.c.C" name="m4" time="0.0">
    <skipped/>
  </testcase> <!-- m4 -->
  <testcase classname="com.TestNGdemo.c.C" name="m5" time="0.0">
    <skipped/>
  </testcase> <!-- m5 -->
  <testcase classname="com.TestNGdemo.c.C" name="m6" time="0.0">
    <skipped/>
  </testcase> <!-- m6 -->
  <testcase classname="com.TestNGdemo.c.C" name="m7" time="0.0">
    <skipped/>
  </testcase> <!-- m7 -->
  <testcase classname="com.Parallelism.ParametersTestNG" name="m4" time="0.0">
    <skipped/>
  </testcase> <!-- m4 -->
  <testcase classname="com.Parallelism.ParametersTestNG" name="m5" time="0.0">
    <skipped/>
  </testcase> <!-- m5 -->
  <testcase classname="com.Parallelism.ParametersTestNG" name="m6" time="0.0">
    <skipped/>
  </testcase> <!-- m6 -->
  <testcase classname="com.Parallelism.ParametersTestNG" name="m1" time="0.0">
    <failure type="org.testng.TestNGException" message="
Parameter &amp;apos;num1&amp;apos; is required by @Test on method m1 but has not been marked @Optional or defined
in C:\Users\sagar\eclipse-workspace\TestNG\crossbrowsertesting.xml">
      <![CDATA[org.testng.TestNGException: 
Parameter 'num1' is required by @Test on method m1 but has not been marked @Optional or defined
in C:\Users\sagar\eclipse-workspace\TestNG\crossbrowsertesting.xml
at java.base/java.util.ArrayList.forEach(ArrayList.java:1511)
at java.base/java.util.concurrent.FutureTask.run(FutureTask.java:264)
at java.base/java.util.concurrent.ThreadPoolExecutor.runWorker(ThreadPoolExecutor.java:1136)
at java.base/java.util.concurrent.ThreadPoolExecutor$Worker.run(ThreadPoolExecutor.java:635)
at java.base/java.lang.Thread.run(Thread.java:833)
... Removed 17 stack frames]]>
    </failure>
  </testcase> <!-- m1 -->
  <testcase classname="com.Parallelism.ParametersTestNG" name="m2" time="0.0">
    <skipped/>
  </testcase> <!-- m2 -->
  <testcase classname="com.Parallelism.ParametersTestNG" name="m3" time="0.0">
    <skipped/>
  </testcase> <!-- m3 -->
</testsuite> <!-- Firefox -->
