<?xml version="1.0" encoding="UTF-8"?>
<!-- Generated by org.testng.reporters.JUnitXMLReporter -->
<testsuite ignored="0" hostname="MSI" failures="1" tests="6" name="Test" time="0.088" errors="0" timestamp="2022-10-08T12:16:09 IST">
  <testcase classname="com.Parallelism.ParametersTestNG" name="m4" time="0.016"/>
  <testcase classname="com.Parallelism.ParametersTestNG" name="m5" time="0.002">
    <failure type="java.lang.AssertionError">
      <![CDATA[java.lang.AssertionError
at com.Parallelism.ParametersTestNG.m5(ParametersTestNG.java:17)
at java.base/java.util.ArrayList.forEach(ArrayList.java:1511)
... Removed 25 stack frames]]>
    </failure>
  </testcase> <!-- m5 -->
  <testcase classname="com.Parallelism.ParametersTestNG" name="m6" time="0.002"/>
  <testcase classname="com.Parallelism.ParametersTestNG" name="m1" time="0.004"/>
  <testcase classname="com.Parallelism.ParametersTestNG" name="m2" time="0.001"/>
  <testcase classname="com.Parallelism.ParametersTestNG" name="m3" time="0.002"/>
</testsuite> <!-- Test -->
