<?xml version="1.0" encoding="UTF-8"?>
<testng-results ignored="0" total="1" passed="1" failed="0" skipped="0">
  <reporter-output>
  </reporter-output>
  <suite started-at="2022-10-09T18:54:00 IST" name="Default suite" finished-at="2022-10-09T18:54:09 IST" duration-ms="9488">
    <groups>
    </groups>
    <test started-at="2022-10-09T18:54:00 IST" name="Default test" finished-at="2022-10-09T18:54:09 IST" duration-ms="9488">
      <class name="com.TestNGdemo.First_testNGproject">
        <test-method is-config="true" signature="setUp(java.lang.String)[pri:0, instance:com.TestNGdemo.First_testNGproject@2177849e]" started-at="2022-10-09T18:54:00 IST" name="setUp" finished-at="2022-10-09T18:54:02 IST" duration-ms="2256" status="PASS">
          <params>
            <param index="0">
              <value is-null="true"/>
            </param>
          </params>
          <reporter-output>
          </reporter-output>
        </test-method> <!-- setUp -->
        <test-method signature="m1()[pri:0, instance:com.TestNGdemo.First_testNGproject@2177849e]" started-at="2022-10-09T18:54:02 IST" name="m1" finished-at="2022-10-09T18:54:09 IST" duration-ms="7190" status="PASS">
          <reporter-output>
          </reporter-output>
        </test-method> <!-- m1 -->
      </class> <!-- com.TestNGdemo.First_testNGproject -->
    </test> <!-- Default test -->
  </suite> <!-- Default suite -->
</testng-results>
